error[E0308]: mismatched types
  --> tests/ui/compile-fail/init/missing_comma_with_zeroable.rs:12:12
   |
12 |         a: 0..Zeroable::init_zeroed()
   |         -  ^^^^^^^^^^^^^^^^^^^^^^^^^^ expected `usize`, found `Range<{integer}>`
   |         |
   |         arguments to this function are incorrect
   |
   = note: expected type `usize`
            found struct `std::ops::Range<{integer}>`
note: function defined here
  --> $RUST/core/src/ptr/mod.rs
   |
   | pub const unsafe fn write<T>(dst: *mut T, src: T) {
   |                     ^^^^^

error[E0063]: missing field `b` in initializer of `Foo`
  --> tests/ui/compile-fail/init/missing_comma_with_zeroable.rs:11:19
   |
11 |     let _ = init!(Foo {
   |                   ^^^ missing `b`
